f:\c or c++\myalgorithm\myalgorithm\myalgorithm\debug\vc141.pdb
f:\c or c++\myalgorithm\myalgorithm\myalgorithm\debug\vc141.idb
f:\c or c++\myalgorithm\myalgorithm\myalgorithm\debug\wordsnumofstring.obj
f:\c or c++\myalgorithm\myalgorithm\myalgorithm\debug\sort.obj
f:\c or c++\myalgorithm\myalgorithm\myalgorithm\debug\search.obj
f:\c or c++\myalgorithm\myalgorithm\myalgorithm\debug\reverselist.obj
f:\c or c++\myalgorithm\myalgorithm\myalgorithm\debug\main.obj
f:\c or c++\myalgorithm\myalgorithm\myalgorithm\debug\looplist_is.obj
f:\c or c++\myalgorithm\myalgorithm\myalgorithm\debug\listinsert.obj
f:\c or c++\myalgorithm\myalgorithm\myalgorithm\debug\lengthoflongestsubstring.obj
f:\c or c++\myalgorithm\myalgorithm\myalgorithm\debug\cout.obj
f:\c or c++\myalgorithm\myalgorithm\myalgorithm\debug\cin.obj
f:\c or c++\myalgorithm\myalgorithm\debug\myalgorithm.exe
f:\c or c++\myalgorithm\myalgorithm\debug\myalgorithm.ilk
f:\c or c++\myalgorithm\myalgorithm\debug\myalgorithm.pdb
f:\c or c++\myalgorithm\myalgorithm\myalgorithm\debug\myalgorithm.tlog\cl.command.1.tlog
f:\c or c++\myalgorithm\myalgorithm\myalgorithm\debug\myalgorithm.tlog\cl.read.1.tlog
f:\c or c++\myalgorithm\myalgorithm\myalgorithm\debug\myalgorithm.tlog\cl.write.1.tlog
f:\c or c++\myalgorithm\myalgorithm\myalgorithm\debug\myalgorithm.tlog\link.command.1.tlog
f:\c or c++\myalgorithm\myalgorithm\myalgorithm\debug\myalgorithm.tlog\link.read.1.tlog
f:\c or c++\myalgorithm\myalgorithm\myalgorithm\debug\myalgorithm.tlog\link.write.1.tlog
